<?xml version="1.0" encoding="UTF-8"?>
<!-- Generated by org.testng.reporters.JUnitXMLReporter -->
<testsuite ignored="0" hostname="RajasekharaReddy" failures="2" tests="3" name="Test" time="38.607" errors="0" timestamp="2020-07-31T18:55:02 IST">
  <testcase classname="com.test.Package.Screenshotstake" name="webpagesearchAA" time="0.223">
    <failure type="java.lang.AssertionError" message="expected [true] but found [false]">
      <![CDATA[java.lang.AssertionError: expected [true] but found [false]
at com.test.Package.Screenshotstake.webpagesearchAA(Screenshotstake.java:26)
at java.base/java.util.ArrayList.forEach(ArrayList.java:1507)
... Removed 31 stack frames]]>
    </failure>
  </testcase> <!-- webpagesearchAA -->
  <testcase classname="com.test.Package.Screenshotstake" name="webpagesearchBB" time="0.177">
    <failure type="java.lang.AssertionError" message="expected [true] but found [false]">
      <![CDATA[java.lang.AssertionError: expected [true] but found [false]
at com.test.Package.Screenshotstake.webpagesearchBB(Screenshotstake.java:39)
at java.base/java.util.ArrayList.forEach(ArrayList.java:1507)
... Removed 31 stack frames]]>
    </failure>
  </testcase> <!-- webpagesearchBB -->
  <testcase classname="com.test.Package.Screenshotstake" name="webpagesearchCC" time="0.207"/>
</testsuite> <!-- Test -->
