<?xml version="1.0" encoding="UTF-8"?>
<testng-results skipped="0" failed="0" ignored="0" total="1" passed="1">
  <reporter-output>
  </reporter-output>
  <suite name="Default suite" duration-ms="9242" started-at="2020-06-25T09:53:09 IST" finished-at="2020-06-25T09:53:18 IST">
    <groups>
    </groups>
    <test name="Default test" duration-ms="9242" started-at="2020-06-25T09:53:09 IST" finished-at="2020-06-25T09:53:18 IST">
      <class name="Scripts.Tc01">
        <test-method status="PASS" signature="beforeClass()[pri:0, instance:Scripts.Tc01@4e7dc304]" name="beforeClass" is-config="true" duration-ms="7565" started-at="2020-06-25T09:53:09 IST" finished-at="2020-06-25T09:53:17 IST">
          <reporter-output>
          </reporter-output>
        </test-method> <!-- beforeClass -->
        <test-method status="PASS" signature="login()[pri:0, instance:Scripts.Tc01@4e7dc304]" name="login" duration-ms="1615" started-at="2020-06-25T09:53:17 IST" finished-at="2020-06-25T09:53:18 IST">
          <reporter-output>
          </reporter-output>
        </test-method> <!-- login -->
        <test-method status="PASS" signature="afterClass()[pri:0, instance:Scripts.Tc01@4e7dc304]" name="afterClass" is-config="true" duration-ms="0" started-at="2020-06-25T09:53:18 IST" finished-at="2020-06-25T09:53:18 IST">
          <reporter-output>
          </reporter-output>
        </test-method> <!-- afterClass -->
      </class> <!-- Scripts.Tc01 -->
    </test> <!-- Default test -->
  </suite> <!-- Default suite -->
</testng-results>
