<?xml version="1.0" encoding="UTF-8"?>
<testng-results skipped="0" failed="1" ignored="0" total="1" passed="0">
  <reporter-output>
  </reporter-output>
  <suite name="Default suite" duration-ms="18014" started-at="2020-06-29T20:14:19 IST" finished-at="2020-06-29T20:14:37 IST">
    <groups>
    </groups>
    <test name="Default test" duration-ms="18014" started-at="2020-06-29T20:14:19 IST" finished-at="2020-06-29T20:14:37 IST">
      <class name="Scripts.TC01_Login">
        <test-method status="PASS" signature="report()[pri:0, instance:Scripts.TC01_Login@3b088d51]" name="report" is-config="true" duration-ms="221" started-at="2020-06-29T20:14:19 IST" finished-at="2020-06-29T20:14:19 IST">
          <reporter-output>
          </reporter-output>
        </test-method> <!-- report -->
        <test-method status="PASS" signature="beforeClass()[pri:0, instance:Scripts.TC01_Login@3b088d51]" name="beforeClass" is-config="true" duration-ms="12023" started-at="2020-06-29T20:14:19 IST" finished-at="2020-06-29T20:14:31 IST">
          <reporter-output>
          </reporter-output>
        </test-method> <!-- beforeClass -->
        <test-method status="PASS" signature="method(java.lang.reflect.Method)[pri:0, instance:Scripts.TC01_Login@3b088d51]" name="method" is-config="true" duration-ms="67" started-at="2020-06-29T20:14:31 IST" finished-at="2020-06-29T20:14:31 IST">
          <params>
            <param index="0">
              <value>
                <![CDATA[public void Scripts.TC01_Login.LoginPage() throws java.io.IOException]]>
              </value>
            </param>
          </params>
          <reporter-output>
          </reporter-output>
        </test-method> <!-- method -->
        <test-method status="FAIL" signature="LoginPage()[pri:0, instance:Scripts.TC01_Login@3b088d51]" name="LoginPage" duration-ms="3888" started-at="2020-06-29T20:14:31 IST" finished-at="2020-06-29T20:14:35 IST">
          <exception class="java.lang.NullPointerException">
            <full-stacktrace>
              <![CDATA[java.lang.NullPointerException
at commands.ActionsDriver.navigateToApplication(ActionsDriver.java:33)
at Scripts.TC01_Login.LoginPage(TC01_Login.java:16)
at sun.reflect.NativeMethodAccessorImpl.invoke0(Native Method)
at sun.reflect.NativeMethodAccessorImpl.invoke(Unknown Source)
at sun.reflect.DelegatingMethodAccessorImpl.invoke(Unknown Source)
at java.lang.reflect.Method.invoke(Unknown Source)
at org.testng.internal.MethodInvocationHelper.invokeMethod(MethodInvocationHelper.java:135)
at org.testng.internal.TestInvoker.invokeMethod(TestInvoker.java:598)
at org.testng.internal.TestInvoker.invokeTestMethod(TestInvoker.java:174)
at org.testng.internal.MethodRunner.runInSequence(MethodRunner.java:46)
at org.testng.internal.TestInvoker$MethodInvocationAgent.invoke(TestInvoker.java:821)
at org.testng.internal.TestInvoker.invokeTestMethods(TestInvoker.java:147)
at org.testng.internal.TestMethodWorker.invokeTestMethods(TestMethodWorker.java:146)
at org.testng.internal.TestMethodWorker.run(TestMethodWorker.java:128)
at java.util.ArrayList.forEach(Unknown Source)
at org.testng.TestRunner.privateRun(TestRunner.java:767)
at org.testng.TestRunner.run(TestRunner.java:588)
at org.testng.SuiteRunner.runTest(SuiteRunner.java:384)
at org.testng.SuiteRunner.runSequentially(SuiteRunner.java:378)
at org.testng.SuiteRunner.privateRun(SuiteRunner.java:337)
at org.testng.SuiteRunner.run(SuiteRunner.java:286)
at org.testng.SuiteRunnerWorker.runSuite(SuiteRunnerWorker.java:53)
at org.testng.SuiteRunnerWorker.run(SuiteRunnerWorker.java:96)
at org.testng.TestNG.runSuitesSequentially(TestNG.java:1214)
at org.testng.TestNG.runSuitesLocally(TestNG.java:1136)
at org.testng.TestNG.runSuites(TestNG.java:1066)
at org.testng.TestNG.run(TestNG.java:1034)
at org.testng.remote.AbstractRemoteTestNG.run(AbstractRemoteTestNG.java:115)
at org.testng.remote.RemoteTestNG.initAndRun(RemoteTestNG.java:251)
at org.testng.remote.RemoteTestNG.main(RemoteTestNG.java:77)
]]>
            </full-stacktrace>
          </exception> <!-- java.lang.NullPointerException -->
          <reporter-output>
          </reporter-output>
        </test-method> <!-- LoginPage -->
        <test-method status="PASS" signature="afterClass()[pri:0, instance:Scripts.TC01_Login@3b088d51]" name="afterClass" is-config="true" duration-ms="1759" started-at="2020-06-29T20:14:35 IST" finished-at="2020-06-29T20:14:37 IST">
          <reporter-output>
          </reporter-output>
        </test-method> <!-- afterClass -->
      </class> <!-- Scripts.TC01_Login -->
    </test> <!-- Default test -->
  </suite> <!-- Default suite -->
</testng-results>
