<?xml version="1.0" encoding="UTF-8"?>
<!-- Generated by org.testng.reporters.JUnitXMLReporter -->
<testsuite ignored="0" hostname="RajasekharaReddy" failures="1" tests="3" name="Test10" time="17.613" errors="0" timestamp="2020-07-31T19:25:38 IST">
  <testcase classname="OrangeHRM_Login_ParallelTesting.Login_ParallelExecution" name="Admin" time="0.022">
    <failure type="java.lang.NullPointerException">
      <![CDATA[java.lang.NullPointerException
at OrangeHRM_Login_ParallelTesting.Login_ParallelExecution.Admin(Login_ParallelExecution.java:72)
at java.base/java.util.concurrent.ThreadPoolExecutor.runWorker(ThreadPoolExecutor.java:1128)
at java.base/java.util.concurrent.ThreadPoolExecutor$Worker.run(ThreadPoolExecutor.java:628)
at java.base/java.lang.Thread.run(Thread.java:830)
... Removed 12 stack frames]]>
    </failure>
  </testcase> <!-- Admin -->
  <testcase classname="OrangeHRM_Login_ParallelTesting.Login_ParallelExecution" name="launchBrowser" time="9.911"/>
  <testcase classname="OrangeHRM_Login_ParallelTesting.Login_ParallelExecution" name="login" time="4.405"/>
</testsuite> <!-- Test10 -->
